[2023/07/13 09:09:36] PATCH /users/64ad4a678312b8ab37377791/followersUser 404 - 1.196 MS
[2023/07/13 09:10:11] PATCH /users/64ad4a678312b8ab37377791/followersUser 404 - 0.724 MS
[2023/07/13 09:26:00] GET /users/followers/64ad4a678312b8ab37377791 500 - 12.844 MS
[2023/07/13 09:26:42] GET /users/followers/64ad4a678312b8ab37377791 500 - 13.010 MS
[2023/07/13 09:26:54] GET /users/followers/64ad4a678312b8ab37377791 500 - 12.269 MS
[2023/07/13 10:29:50] GET /users/following/64ad4a678312b8ab37377791 500 - 12.529 MS
[2023/07/13 10:30:25] GET /users/following/64ad0ee794c728e09171637e 500 - 4.903 MS
[2023/07/13 10:31:12] GET /users/following/64ad0ee794c728e09171637e 500 - 22.578 MS
[2023/07/13 12:33:56] POST /posts/64ad4a678312b8ab37377791 400 - 3.785 MS
[2023/07/13 12:35:29] POST /posts/64ad4a678312b8ab37377791 400 - 3.400 MS
[2023/07/13 12:39:30] POST /posts/64ad4a678312b8ab37377791 500 - 13.751 MS
[2023/07/13 12:39:49] POST /posts/64ad4a678312b8ab37377791 500 - 22.594 MS
[2023/07/13 13:23:25] DELETE /posts/64ad10912740fa40b3acf47a/64afc678530d2fdb132b82d2 500 - 16.505 MS
[2023/07/13 13:23:35] DELETE /posts/64ad10912740fa40b3acf47a/64afc678530d2fdb132b82d2 500 - 1.739 MS
[2023/07/13 13:24:02] DELETE /posts/64ad10912740fa40b3acf47a/64afc678530d2fdb132b82d2 500 - 6.100 MS
[2023/07/13 13:24:56] DELETE /posts/64ad10912740fa40b3acf47a/64afc678530d2fdb132b82d2 500 - 6.785 MS
[2023/07/13 13:25:12] DELETE /posts/64ad10912740fa40b3acf47a/64afc678530d2fdb132b82d2 500 - 16.680 MS
[2023/07/13 13:25:44] DELETE /posts/64ad10912740fa40b3acf47a/64afc678530d2fdb132b82d2 500 - 7.527 MS
[2023/07/13 13:26:19] DELETE /posts/64ad10912740fa40b3acf47a/64afc678530d2fdb132b82d2 500 - 15.308 MS
[2023/07/13 13:27:16] DELETE /posts/64ad10912740fa40b3acf47a/64afc678530d2fdb132b82d2 500 - 15.584 MS
[2023/07/13 13:27:44] DELETE /posts/64ad10912740fa40b3acf47a/64afc678530d2fdb132b82d2 500 - 14.852 MS
[2023/07/13 13:28:21] DELETE /posts/64ad10912740fa40b3acf47a/64afc678530d2fdb132b82d2 500 - 11.763 MS
[2023/07/13 13:29:07] DELETE /posts/64ad10912740fa40b3acf47a/64afc678530d2fdb132b82d2 500 - 13.059 MS
[2023/07/13 13:31:15] DELETE /posts/64ad10912740fa40b3acf47a/64afc678530d2fdb132b82d2 500 - 31.026 MS
[2023/07/13 13:31:53] DELETE /posts/64ad10912740fa40b3acf47a/64afc678530d2fdb132b82d2 500 - 11.837 MS
[2023/07/13 13:34:46] DELETE /posts/64ad10912740fa40b3acf47a/64afc678530d2fdb132b82d2 500 - 11.579 MS
[2023/07/13 13:40:52] DELETE /posts/64ad10912740fa40b3acf47a/64afc678530d2fdb132b82d2 500 - 12.688 MS
[2023/07/13 13:41:53] DELETE /posts/64ad10912740fa40b3acf47a/64afc678530d2fdb132b82d2 500 - 11.829 MS
[2023/07/13 13:55:43] DELETE /posts/64ad10912740fa40b3acf47a/64afc678530d2fdb132b82d2 500 - 14.648 MS
[2023/07/13 13:56:49] DELETE /posts/64ad10912740fa40b3acf47a/64afc678530d2fdb132b82d2 500 - 16.471 MS
[2023/07/13 14:02:42] DELETE /posts/64ad10912740fa40b3acf47a/64afc673530d2fdb132b82cf 500 - 13.324 MS
