[2023/07/11 11:30:38] GET /posts 500 - 2.613 MS
[2023/07/11 12:17:38] GET /user 404 - 2.636 MS
[2023/07/11 12:17:45] POST /user 404 - 1.437 MS
[2023/07/11 12:17:52] POST /users/64a826b4cf6fda1546c3820e 404 - 1.766 MS
[2023/07/11 12:18:05] POST /users/64a826b4cf6fda1546c3820e 404 - 11.294 MS
[2023/07/11 12:18:10] POST /users/64a826b4cf6fda1546c3820e 404 - 1.102 MS
[2023/07/11 12:19:33] POST /users/64a826b4cf6fda1546c3820e 404 - 13.239 MS
[2023/07/11 12:20:36] POST /users 400 - 3.964 MS
[2023/07/11 12:20:59] POST /users 400 - 2.310 MS
[2023/07/11 12:21:44] POST /users 400 - 1.617 MS
[2023/07/11 12:21:46] POST /users 400 - 3.289 MS
[2023/07/11 12:22:29] POST /users 400 - 1.891 MS
[2023/07/11 12:22:44] POST /users 400 - 1.747 MS
[2023/07/11 12:23:06] POST /users 400 - 2.173 MS
[2023/07/11 12:23:31] POST /users 400 - 2.024 MS
[2023/07/11 12:23:41] POST /users 400 - 2.003 MS
[2023/07/11 12:23:50] POST /users 400 - 1.832 MS
[2023/07/11 12:24:07] POST /users 400 - 0.642 MS
[2023/07/11 12:24:11] POST /users 400 - 2.145 MS
[2023/07/11 12:24:45] POST /users 400 - 1.751 MS
[2023/07/11 12:25:17] POST /users 400 - 3.855 MS
[2023/07/11 12:26:33] POST /users 500 - 84.109 MS
[2023/07/11 12:29:18] POST /users 500 - 68.044 MS
[2023/07/11 12:30:15] POST /users 400 - 1.901 MS
[2023/07/11 12:30:22] POST /users 500 - 7.088 MS
[2023/07/11 13:33:28] GET /users/ 500 - 4.795 MS
[2023/07/11 13:34:36] GET /users/login 403 - 12.875 MS
[2023/07/11 13:35:27] GET /users/login 403 - 1.325 MS
[2023/07/11 13:38:43] GET /users/64a826b4cf6fda1546c3820e 500 - 13.941 MS
[2023/07/11 13:50:42] POST /posts/ 500 - 2.734 MS
[2023/07/11 13:52:16] POST /posts/ 400 - 15.387 MS
[2023/07/11 14:15:49] POST /posts/ 500 - 19.983 MS
[2023/07/11 14:17:16] POST /posts/ 500 - 19.290 MS
[2023/07/11 14:17:25] POST /posts/ 500 - 20.427 MS
[2023/07/11 14:17:46] POST /posts/ 500 - 20.255 MS
[2023/07/11 14:19:36] POST /posts/ 500 - 21.089 MS
[2023/07/11 14:20:29] POST /posts/ 500 - 20.661 MS
[2023/07/11 14:25:14] POST /posts/ 500 - 20.068 MS
[2023/07/11 14:25:34] POST /posts/ 500 - 20.536 MS
[2023/07/11 14:25:42] POST /posts/ 500 - 20.417 MS
[2023/07/11 14:26:10] POST /posts/ 500 - 23.949 MS
[2023/07/11 14:27:23] POST /posts/ 500 - 20.773 MS
[2023/07/11 14:47:21] POST /posts/ 500 - 22.435 MS
[2023/07/11 14:55:06] POST /posts/ 500 - 22.976 MS
[2023/07/11 15:03:48] POST /posts/ 500 - 22.748 MS
[2023/07/11 15:12:51] POST /posts/ 500 - 23.775 MS
[2023/07/11 15:13:21] POST /posts/ 500 - 23.676 MS
[2023/07/11 15:19:00] POST /posts/ 500 - 23.842 MS
[2023/07/11 15:24:04] POST /user/ 404 - 3.238 MS
[2023/07/11 15:25:25] POST /user/ 404 - 13.160 MS
[2023/07/11 15:25:37] POST /users/ 400 - 4.516 MS
[2023/07/11 15:26:05] POST /users/ 500 - 10.667 MS
[2023/07/11 15:28:50] POST /users/ 400 - 1.523 MS
[2023/07/11 15:29:36] POST /posts/64ad10912740fa40b3acf47c 404 - 1.345 MS
[2023/07/11 15:29:48] POST /posts/ 500 - 8.033 MS
[2023/07/11 15:30:57] POST /posts/64ad10912740fa40b3acf47c 400 - 1.575 MS
[2023/07/11 15:31:22] POST /posts/64ad10912740fa40b3acf47c 404 - 1.845 MS
[2023/07/11 15:31:29] POST /posts/ 400 - 2.104 MS
[2023/07/11 15:31:40] POST /posts/ 400 - 0.530 MS
[2023/07/11 15:31:44] POST /posts/ 500 - 4.615 MS
[2023/07/11 15:32:44] POST /posts/ 500 - 21.570 MS
[2023/07/11 15:34:10] POST /posts/ 500 - 22.883 MS
[2023/07/11 15:39:08] POST /posts/ 500 - 22.585 MS
[2023/07/11 15:40:12] POST /posts/ 500 - 20.528 MS
[2023/07/11 15:48:48] POST /posts/ 500 - 24.527 MS
[2023/07/11 18:13:53] POST /posts/ 500 - 40.393 MS
[2023/07/11 18:24:32] POST /posts/ 500 - 24.326 MS
[2023/07/11 18:24:50] POST /posts/ 500 - 23.139 MS
[2023/07/11 18:29:20] POST /posts/ 500 - 23.365 MS
[2023/07/11 18:32:15] POST /posts/ 500 - 22.235 MS
[2023/07/11 19:06:03] POST /posts/my-posts/64ad0ee794c728e091716383 404 - 2.113 MS
[2023/07/11 19:06:07] POST /posts/my-posts/64ad0ee794c728e091716383 404 - 1.013 MS
[2023/07/11 21:03:25] DELETE /postsmy-posts//649d3238bac95e85fa0f0546 404 - 14.054 MS
[2023/07/11 21:03:37] DELETE /posts/my-posts/649d3238bac95e85fa0f0546 404 - 2.662 MS
[2023/07/11 21:03:42] DELETE /posts/my-posts/649d3238bac95e85fa0f0546 404 - 1.123 MS
