[2023/07/03 17:14:45] GET /cards/getCards 500 - 3.016 MS
[2023/07/03 17:15:04] GET /cards/ 500 - 0.578 MS
[2023/07/03 17:18:22] GET /cards/getCards 500 - 3.096 MS
[2023/07/03 17:19:10] GET /cards/getCard 500 - 1.083 MS
[2023/07/03 17:19:59] GET /cards/getCard/64a2d7baaee5084a148b76c8 404 - 1.231 MS
[2023/07/03 17:36:40] GET /cards/getCard/64a2d7baaee5084a148b76c8 404 - 3.086 MS
[2023/07/03 17:37:05] GET /cards/getCard/%7B64a1329dddcb75f36a83d238%7D 404 - 0.904 MS
[2023/07/03 17:37:19] GET /cards/getCard/64a1329dddcb75f36a83d238 404 - 0.720 MS
[2023/07/03 17:37:27] GET /cards/getCards/ 500 - 1.327 MS
[2023/07/03 17:38:15] GET /cards/getCards 500 - 1.037 MS
[2023/07/03 17:39:04] GET /cards/getCards 500 - 0.859 MS
[2023/07/03 17:39:22] GET /cards/getCards 404 - 3.202 MS
[2023/07/03 17:40:00] GET /cards/getCards 404 - 2.915 MS
[2023/07/03 17:44:20] GET /cards/getCards 404 - 3.807 MS
[2023/07/03 17:45:47] GET /cards/getCard 404 - 0.938 MS
[2023/07/03 17:46:24] GET /cards/64a1329dddcb75f36a83d238 500 - 3.542 MS
[2023/07/03 17:47:48] GET /cards/64a1329dddcb75f36a83d238 500 - 3.218 MS
[2023/07/03 17:48:25] GET /cards/64a1329dddcb75f36a83d238 500 - 3.237 MS
[2023/07/03 17:48:27] GET /cards/64a1329dddcb75f36a83d238 500 - 1.221 MS
[2023/07/03 17:48:32] GET /cards/64a1329dddcb75f36a83d238 500 - 2.857 MS
