[2023/07/07 10:27:08] GET /users 500 - 6.182 MS
[2023/07/07 10:30:05] GET /users 500 - 5.772 MS
[2023/07/07 10:41:35] GET /users 500 - 5.113 MS
[2023/07/07 10:44:09] DELETE /users/64a2dc3899794079d0633d19 500 - 2.145 MS
[2023/07/07 10:49:54] DELETE /users/64a2dc3899794079d0633d19 500 - 6.179 MS
[2023/07/07 10:50:19] DELETE /users/64a2dc3899794079d0633d19 500 - 2.053 MS
[2023/07/07 10:50:50] DELETE /users/64a2dc3899794079d0633d19 500 - 5.501 MS
[2023/07/07 10:51:57] DELETE /users/64a2dc3899794079d0633d19 500 - 7.124 MS
[2023/07/07 10:52:19] DELETE /users/64a2dc3899794079d0633d19 500 - 8.729 MS
[2023/07/07 11:54:09] DELETE /users/64a2dc3899794079d0633d19 500 - 3.671 MS
[2023/07/07 12:11:10] DELETE /users/64a2dc3899794079d0633d19 500 - 3.333 MS
[2023/07/07 13:46:39] DELETE /users/64a2dc3899794079d0633d19 500 - 4.806 MS
[2023/07/07 13:46:52] DELETE /users/64a2dc3899794079d0633d19 500 - 9.258 MS
[2023/07/07 14:02:54] GET /users/64a7ed15432803de65329824 500 - 6.030 MS
[2023/07/07 14:06:38] DELETE /users/64a2dc3899794079d0633d21 500 - 4.050 MS
[2023/07/07 17:47:32] DELETE /users/64a7ed42ea251a19e9696034 500 - 11.841 MS
[2023/07/07 17:49:12] DELETE /users/64a82580a5c2f9aebfa31402 500 - 11.130 MS
[2023/07/07 17:52:58] DELETE /users/64a826b4cf6fda1546c3820e 500 - 8.788 MS
[2023/07/07 17:53:14] DELETE /users/64a7f233c0fddd5dfd72b220 500 - 3.245 MS
[2023/07/07 17:53:42] DELETE /users/64a7f233c0fddd5dfd72b220 500 - 3.343 MS
[2023/07/07 17:55:08] DELETE /cards/64a7f233c0fddd5dfd72b220 500 - 4.325 MS
[2023/07/07 17:58:08] DELETE /users/64a826b4cf6fda1546c3820e 500 - 8.797 MS
[2023/07/07 17:58:24] DELETE /users/64a826b4cf6fda1546c3820e 500 - 11.124 MS
[2023/07/07 17:59:44] DELETE /users/64a826b4cf6fda1546c3820e 500 - 9.274 MS
[2023/07/07 18:01:22] DELETE /users/64a827bea5f04c532d03c5a8 500 - 10.196 MS
[2023/07/07 18:01:36] DELETE /users/64a827bea5f04c532d03c5a8 500 - 4.885 MS
[2023/07/07 21:04:47] PATCH /cards/bizNumberReDo/64a434a1c3c458b152ab63eb 500 - 4.218 MS
[2023/07/07 21:05:42] PATCH /cards/bizNumberReDo/64a434a1c3c458b152ab63eb 500 - 17.828 MS
[2023/07/07 21:06:22] PATCH /cards/bizNumberReDo/64a434a1c3c458b152ab63eb 500 - 19.751 MS
[2023/07/07 21:06:57] PATCH /cards/bizNumberReDo/64a434a1c3c458b152ab63eb 500 - 16.166 MS
[2023/07/07 21:08:19] PATCH /cards/bizNumberReDo/64a434a1c3c458b152ab63eb 500 - 26.150 MS
[2023/07/07 21:11:00] PATCH /cards/bizNumberReDo/64a2dc3999794079d0633d32 500 - 8.269 MS
[2023/07/07 21:11:49] PATCH /cards/bizNumberReDo/64a2dc3999794079d0633d32 500 - 32.053 MS
[2023/07/07 21:23:12] PATCH /cards/bizNumberReDo/64a2dc3999794079d0633d32 500 - 31.674 MS
[2023/07/07 21:23:37] PATCH /cards/bizNumberReDo/64a2dc3999794079d0633d32 500 - 31.045 MS
[2023/07/07 21:26:47] PATCH /cards/bizNumberReDo/64a2dc3999794079d0633d36 500 - 12.367 MS
[2023/07/07 21:27:01] PATCH /cards/bizNumberReDo/64a2dc3999794079d0633d36 500 - 8.690 MS
[2023/07/07 21:30:14] PATCH /cards/bizNumberReDo/64a2dc3999794079d0633d36 500 - 6.576 MS
[2023/07/07 21:30:20] PATCH /cards/bizNumberReDo/64a5077cd9712f46406f48e9 500 - 6.046 MS
[2023/07/07 21:37:47] PATCH /cards/bizNumberReDo/64a5077cd9712f46406f48e9 500 - 28.785 MS
[2023/07/07 21:39:33] PATCH /cards/bizNumberReDo/64a5077cd9712f46406f48e9 500 - 23.881 MS
[2023/07/07 21:40:04] PATCH /cards/bizNumberReDo/64a5077cd9712f46406f48e9 500 - 22.627 MS
[2023/07/07 21:40:16] PATCH /cards/bizNumberReDo/64a5077cd9712f46406f48e9 500 - 24.310 MS
[2023/07/07 21:40:51] PATCH /cards/bizNumberReDo/64a5077cd9712f46406f48e9 500 - 36.020 MS
[2023/07/07 21:48:58] PATCH /cards/bizNumberReDo/64a5077cd9712f46406f48e9 500 - 28.922 MS
[2023/07/07 22:00:11] PATCH /cards/bizNumberReDo/64a5077cd9712f46406f48e9 500 - 23.151 MS
[2023/07/07 22:00:28] PATCH /cards/bizNumberReDo/64a5077cd9712f46406f48e9 500 - 23.763 MS
[2023/07/07 22:02:50] DELETE /cards/64a5077cd9712f46406f48e9 500 - 3.241 MS
[2023/07/07 22:33:44] DELETE /cards/64a5077cd9712f46406f48e9 500 - 9.063 MS
[2023/07/07 22:33:56] DELETE /cards/64a2dc3999794079d0633d32 500 - 3.163 MS
[2023/07/07 22:34:02] DELETE /cards/64a2dc3999794079d0633d32 500 - 2.289 MS
[2023/07/07 22:34:06] DELETE /cards/64a2dc3999794079d0633d32 500 - 3.648 MS
[2023/07/07 22:34:19] DELETE /cards/64a2dc3999794079d0633d36 500 - 3.188 MS
[2023/07/07 22:36:34] DELETE /cards/64a2dc3999794079d0633d36 500 - 8.786 MS
[2023/07/07 22:37:55] PUT /cards/bizNumberReDo/64a858c0976b859340170991 404 - 3.382 MS
[2023/07/07 22:37:57] PUT /cards/bizNumberReDo/64a858c0976b859340170991 404 - 0.918 MS
[2023/07/07 22:38:10] PUT /cards/bizNumberReDo/64a86169d644dcb1decc464c 404 - 0.763 MS
[2023/07/07 22:50:16] PATCH /cards/bizNumberReDo/64a8693dbfd7863104bbe280 500 - 25.509 MS
